# configure exec: ./configure --prefix=/home/miracle/work/sanjarTest/node_modules/node-rdkafka/build/deps --libdir=/home/miracle/work/sanjarTest/node_modules/node-rdkafka/build/deps --prefix=/home/miracle/work/sanjarTest/node_modules/node-rdkafka/build/deps --libdir=/home/miracle/work/sanjarTest/node_modules/node-rdkafka/build/deps
# On Tue Jun  5 19:41:26 +06 2018
DBG: ccenv: WITH_CC:  --version failed: mklove/modules/configure.base: line 1183: --version: command not found
DBG: Check ccenv (WITH_CC, action cont (originally cont)) failed: command ' --version' failed:
mklove/modules/configure.base: line 1183: --version: command not found
DBG: cxxenv: WITH_CXX:  --version failed: mklove/modules/configure.base: line 1183: --version: command not found
DBG: Check cxxenv (WITH_CXX, action cont (originally cont)) failed: command ' --version' failed:
mklove/modules/configure.base: line 1183: --version: command not found
DBG: Compile check PIC (HAVE_PIC): gcc  -g -O2 -Wall -Werror _mkltmpBl3pgB.c -o _mkltmpBl3pgB.c.o  -L/home/miracle/work/sanjarTest/node_modules/node-rdkafka/build/deps -fPIC
DBG: Compile check gnulib (WITH_GNULD): gcc  -g -O2 -fPIC -Wall -Werror _mkltmpTZmkHU.c -o _mkltmpTZmkHU.c.o  -L/home/miracle/work/sanjarTest/node_modules/node-rdkafka/build/deps -shared -Wl,-soname,mkltest.0
DBG: Compile check ldsflagvs (): gcc  -g -O2 -fPIC -Wall -Werror _mkltmpz6RKrx.c -o _mkltmpz6RKrx.c.o  -L/home/miracle/work/sanjarTest/node_modules/node-rdkafka/build/deps -shared -Wl,--version-script=_mkltmpsXb0bv
DBG: Compile check __atomic_32 (HAVE_ATOMICS_32): gcc  -g -O2 -fPIC -Wall -Werror _mkltmpOLzX25.c -o _mkltmpOLzX25.c.o  -L/home/miracle/work/sanjarTest/node_modules/node-rdkafka/build/deps 
DBG: Compile check __atomic_64 (HAVE_ATOMICS_64): gcc  -g -O2 -fPIC -Wall -Werror _mkltmpfV0eNF.c -o _mkltmpfV0eNF.c.o  -L/home/miracle/work/sanjarTest/node_modules/node-rdkafka/build/deps 
DBG: Compile check socket (): gcc  -g -O2 -fPIC -Wall -Wsign-compare -Wfloat-equal -Wpointer-arith -Wcast-align -Wall -Werror _mkltmprY8w8e.c -o _mkltmprY8w8e.c.o  -L/home/miracle/work/sanjarTest/node_modules/node-rdkafka/build/deps 
DBG: pkg-config check librt (): pkg-config --short-errors --cflags librt
DBG: 'pkg-config --short-errors --cflags librt' failed: No package 'librt' found
DBG: Check librt_PKGCONFIG (, action cont (originally cont)) failed: 'pkg-config --short-errors --cflags librt' failed:
No package 'librt' found
DBG: Compile check librt (): gcc  -g -O2 -fPIC -Wall -Wsign-compare -Wfloat-equal -Wpointer-arith -Wcast-align -Wall -Werror _mkltmpRWbpSV.c -o _mkltmpRWbpSV.c.o  -L/home/miracle/work/sanjarTest/node_modules/node-rdkafka/build/deps -lrt
DBG: pkg-config check libpthread (): pkg-config --short-errors --cflags libpthread
DBG: 'pkg-config --short-errors --cflags libpthread' failed: No package 'libpthread' found
DBG: Check libpthread_PKGCONFIG (, action cont (originally cont)) failed: 'pkg-config --short-errors --cflags libpthread' failed:
No package 'libpthread' found
DBG: Compile check libpthread (): gcc  -g -O2 -fPIC -Wall -Wsign-compare -Wfloat-equal -Wpointer-arith -Wcast-align -Wall -Werror _mkltmponZP3J.c -o _mkltmponZP3J.c.o  -L/home/miracle/work/sanjarTest/node_modules/node-rdkafka/build/deps -lpthread
DBG: pkg-config check libdl (): pkg-config --short-errors --cflags libdl
DBG: 'pkg-config --short-errors --cflags libdl' failed: No package 'libdl' found
DBG: Check libdl_PKGCONFIG (, action cont (originally cont)) failed: 'pkg-config --short-errors --cflags libdl' failed:
No package 'libdl' found
DBG: Compile check libdl (WITH_LIBDL): gcc  -g -O2 -fPIC -Wall -Wsign-compare -Wfloat-equal -Wpointer-arith -Wcast-align -Wall -Werror _mkltmpoP0Ddn.c -o _mkltmpoP0Ddn.c.o  -L/home/miracle/work/sanjarTest/node_modules/node-rdkafka/build/deps -ldl
DBG: pkg-config check zlib (): pkg-config --short-errors --cflags zlib
DBG: pkg-config check libcrypto (): pkg-config --short-errors --cflags libcrypto
DBG: pkg-config check liblz4 (): pkg-config --short-errors --cflags liblz4
DBG: 'pkg-config --short-errors --cflags liblz4' failed: No package 'liblz4' found
DBG: Check liblz4_PKGCONFIG (, action cont (originally cont)) failed: 'pkg-config --short-errors --cflags liblz4' failed:
No package 'liblz4' found
DBG: Compile check liblz4 (WITH_LZ4_EXT): gcc  -g -O2 -fPIC -Wall -Wsign-compare -Wfloat-equal -Wpointer-arith -Wcast-align -Wall -Werror _mkltmpYldiyo.c -o _mkltmpYldiyo.c.o  -L/home/miracle/work/sanjarTest/node_modules/node-rdkafka/build/deps -llz4
DBG: compile check for liblz4 (WITH_LZ4_EXT) failed: gcc  -g -O2 -fPIC -Wall -Wsign-compare -Wfloat-equal -Wpointer-arith -Wcast-align -Wall -Werror _mkltmpYldiyo.c -o _mkltmpYldiyo.c.o  -L/home/miracle/work/sanjarTest/node_modules/node-rdkafka/build/deps -llz4: _mkltmpYldiyo.c:1:22: fatal error: lz4frame.h: No such file or directory
compilation terminated.
DBG: Check liblz4 (WITH_LZ4_EXT, action disable (originally disable)) failed: compile check failed:
CC: CC
flags: -llz4
gcc  -g -O2 -fPIC -Wall -Wsign-compare -Wfloat-equal -Wpointer-arith -Wcast-align -Wall -Werror _mkltmpYldiyo.c -o _mkltmpYldiyo.c.o  -L/home/miracle/work/sanjarTest/node_modules/node-rdkafka/build/deps -llz4:
_mkltmpYldiyo.c:1:22: fatal error: lz4frame.h: No such file or directory
compilation terminated.
source: #include <lz4frame.h>
DBG: pkg-config check libssl (): pkg-config --short-errors --cflags libssl
DBG: pkg-config check libsasl2 (): pkg-config --short-errors --cflags libsasl2
DBG: 'pkg-config --short-errors --cflags libsasl2' failed: No package 'libsasl2' found
DBG: Check libsasl2_PKGCONFIG (, action cont (originally cont)) failed: 'pkg-config --short-errors --cflags libsasl2' failed:
No package 'libsasl2' found
DBG: Compile check libsasl2 (WITH_SASL_CYRUS): gcc  -g -O2 -fPIC -Wall -Wsign-compare -Wfloat-equal -Wpointer-arith -Wcast-align -Wall -Werror _mkltmpa6TM1E.c -o _mkltmpa6TM1E.c.o  -L/home/miracle/work/sanjarTest/node_modules/node-rdkafka/build/deps -lsasl2
DBG: compile check for libsasl2 (WITH_SASL_CYRUS) failed: gcc  -g -O2 -fPIC -Wall -Wsign-compare -Wfloat-equal -Wpointer-arith -Wcast-align -Wall -Werror _mkltmpa6TM1E.c -o _mkltmpa6TM1E.c.o  -L/home/miracle/work/sanjarTest/node_modules/node-rdkafka/build/deps -lsasl2: _mkltmpa6TM1E.c:1:23: fatal error: sasl/sasl.h: No such file or directory
compilation terminated.
DBG: Check libsasl2 (WITH_SASL_CYRUS, action disable (originally disable)) failed: compile check failed:
CC: CC
flags: -lsasl2
gcc  -g -O2 -fPIC -Wall -Wsign-compare -Wfloat-equal -Wpointer-arith -Wcast-align -Wall -Werror _mkltmpa6TM1E.c -o _mkltmpa6TM1E.c.o  -L/home/miracle/work/sanjarTest/node_modules/node-rdkafka/build/deps -lsasl2:
_mkltmpa6TM1E.c:1:23: fatal error: sasl/sasl.h: No such file or directory
compilation terminated.
source: #include <sasl/sasl.h>
DBG: pkg-config check libsasl (): pkg-config --short-errors --cflags libsasl
DBG: 'pkg-config --short-errors --cflags libsasl' failed: No package 'libsasl' found
DBG: Check libsasl_PKGCONFIG (, action cont (originally cont)) failed: 'pkg-config --short-errors --cflags libsasl' failed:
No package 'libsasl' found
DBG: Compile check libsasl (WITH_SASL_CYRUS): gcc  -g -O2 -fPIC -Wall -Wsign-compare -Wfloat-equal -Wpointer-arith -Wcast-align -Wall -Werror _mkltmp5gv1Oy.c -o _mkltmp5gv1Oy.c.o  -L/home/miracle/work/sanjarTest/node_modules/node-rdkafka/build/deps -lsasl
DBG: compile check for libsasl (WITH_SASL_CYRUS) failed: gcc  -g -O2 -fPIC -Wall -Wsign-compare -Wfloat-equal -Wpointer-arith -Wcast-align -Wall -Werror _mkltmp5gv1Oy.c -o _mkltmp5gv1Oy.c.o  -L/home/miracle/work/sanjarTest/node_modules/node-rdkafka/build/deps -lsasl: _mkltmp5gv1Oy.c:1:23: fatal error: sasl/sasl.h: No such file or directory
compilation terminated.
DBG: Check libsasl (WITH_SASL_CYRUS, action disable (originally disable)) failed: compile check failed:
CC: CC
flags: -lsasl
gcc  -g -O2 -fPIC -Wall -Wsign-compare -Wfloat-equal -Wpointer-arith -Wcast-align -Wall -Werror _mkltmp5gv1Oy.c -o _mkltmp5gv1Oy.c.o  -L/home/miracle/work/sanjarTest/node_modules/node-rdkafka/build/deps -lsasl:
_mkltmp5gv1Oy.c:1:23: fatal error: sasl/sasl.h: No such file or directory
compilation terminated.
source: #include <sasl/sasl.h>
DBG: Compile check crc32chw (WITH_CRC32C_HW): gcc  -g -O2 -fPIC -Wall -Wsign-compare -Wfloat-equal -Wpointer-arith -Wcast-align -Wall -Werror _mkltmpSzVu7P.c -o _mkltmpSzVu7P.c.o  -L/home/miracle/work/sanjarTest/node_modules/node-rdkafka/build/deps 
DBG: Compile check regex (HAVE_REGEX): gcc  -g -O2 -fPIC -Wall -Wsign-compare -Wfloat-equal -Wpointer-arith -Wcast-align -Wall -Werror _mkltmpN3TIE9.c -o _mkltmpN3TIE9.c.o  -L/home/miracle/work/sanjarTest/node_modules/node-rdkafka/build/deps 
DBG: Compile check strndup (HAVE_STRNDUP): gcc  -g -O2 -fPIC -Wall -Wsign-compare -Wfloat-equal -Wpointer-arith -Wcast-align -Wall -Werror _mkltmp2QAdWj.c -o _mkltmp2QAdWj.c.o  -L/home/miracle/work/sanjarTest/node_modules/node-rdkafka/build/deps 
DBG: Compile check strerror_r (HAVE_STRERROR_R): gcc  -g -O2 -fPIC -Wall -Wsign-compare -Wfloat-equal -Wpointer-arith -Wcast-align -Wall -Werror _mkltmpf9F8Xm.c -o _mkltmpf9F8Xm.c.o  -L/home/miracle/work/sanjarTest/node_modules/node-rdkafka/build/deps 
DBG: Compile check pthread_setname_gnu (HAVE_PTHREAD_SETNAME_GNU): gcc  -g -O2 -fPIC -Wall -Wsign-compare -Wfloat-equal -Wpointer-arith -Wcast-align -Wall -Werror _mkltmpzFOrMt.c -o _mkltmpzFOrMt.c.o  -L/home/miracle/work/sanjarTest/node_modules/node-rdkafka/build/deps -D_GNU_SOURCE -lpthread
